2022-02-05 20:43:56.9009 [INFO] CliStartup(CliStartup.cs:38): Loading configuration from 'C:\Users\theyu\repos\linguard-dotnet\Linguard\Cli\bin\Debug\net6.0\linguard.yaml'...
2022-02-05 20:43:57.1973 [WARN] CliStartup(CliStartup.cs:44): No configuration file found. Using defaults.
2022-02-05 20:44:32.1672 [INFO] CliStartup(CliStartup.cs:38): Loading configuration from 'C:\Users\theyu\repos\linguard-dotnet\Linguard\Cli\bin\Debug\net6.0\linguard.yaml'...
2022-02-05 20:44:32.4211 [WARN] CliStartup(CliStartup.cs:44): No configuration file found. Using defaults.
2022-02-05 20:45:38.0960 [INFO] CliStartup(CliStartup.cs:38): Loading configuration from 'C:\Users\theyu\repos\linguard-dotnet\Linguard\Cli\bin\Debug\net6.0\linguard.yaml'...
2022-02-05 20:45:38.3627 [WARN] CliStartup(CliStartup.cs:44): No configuration file found. Using defaults.
2022-02-05 20:45:48.7568 [INFO] CliStartup(CliStartup.cs:38): Loading configuration from 'C:\Users\theyu\repos\linguard-dotnet\Linguard\Cli\bin\Debug\net6.0\linguard.yaml'...
2022-02-05 20:45:49.0308 [WARN] CliStartup(CliStartup.cs:44): No configuration file found. Using defaults.
2022-02-05 20:47:43.0146 [INFO] CliStartup(CliStartup.cs:38): Loading configuration from 'C:\Users\theyu\repos\linguard-dotnet\Linguard\Cli\bin\Debug\net6.0\linguard.yaml'...
2022-02-05 20:47:43.2919 [WARN] CliStartup(CliStartup.cs:44): No configuration file found. Using defaults.
2022-02-05 20:47:43.4941 [INFO] AddInterface(AddInterface.cs:71): Added interface ''.
2022-02-05 21:31:34.4901 [INFO] CliStartup(CliStartup.cs:41): Loading configuration from 'C:\Users\theyu\repos\linguard-dotnet\Linguard\Cli\bin\Debug\net6.0\linguard.yaml'...
2022-02-05 21:31:34.7796 [WARN] CliStartup(CliStartup.cs:47): No configuration file found. Using defaults.
2022-02-05 21:31:35.5127 [INFO] AddInterface(AddInterface.cs:73): Added interface 'Amira9'.
2022-02-05 21:32:31.6621 [INFO] CliStartup(CliStartup.cs:41): Loading configuration from 'C:\Users\theyu\repos\linguard-dotnet\Linguard\Cli\bin\Debug\net6.0\linguard.yaml'...
2022-02-05 21:32:32.0871 [WARN] CliStartup(CliStartup.cs:47): No configuration file found. Using defaults.
2022-02-05 21:32:32.6144 [INFO] AddInterface(AddInterface.cs:73): Added interface 'Laurence61'.
2022-02-05 21:32:38.6962 [INFO] CliStartup(CliStartup.cs:41): Loading configuration from 'C:\Users\theyu\repos\linguard-dotnet\Linguard\Cli\bin\Debug\net6.0\linguard.yaml'...
2022-02-05 21:32:39.0421 [WARN] CliStartup(CliStartup.cs:47): No configuration file found. Using defaults.
2022-02-05 21:32:39.5559 [INFO] AddInterface(AddInterface.cs:73): Added interface 'Lamar_Cartwright83'.
2022-02-05 21:33:48.8615 [INFO] CliStartup(CliStartup.cs:41): Loading configuration from 'C:\Users\theyu\repos\linguard-dotnet\Linguard\Cli\bin\Debug\net6.0\linguard.yaml'...
2022-02-05 21:33:49.2829 [WARN] CliStartup(CliStartup.cs:47): No configuration file found. Using defaults.
2022-02-05 21:33:49.7679 [INFO] AddInterface(AddInterface.cs:73): Added interface 'Camron55'.
2022-02-05 21:34:32.5084 [INFO] CliStartup(CliStartup.cs:41): Loading configuration from 'C:\Users\theyu\repos\linguard-dotnet\Linguard\Cli\bin\Debug\net6.0\linguard.yaml'...
2022-02-05 21:34:32.8470 [WARN] CliStartup(CliStartup.cs:47): No configuration file found. Using defaults.
2022-02-05 21:34:33.2909 [INFO] AddInterface(AddInterface.cs:73): Added interface 'Weston44'.
2022-02-06 12:07:17.6583 [INFO] CliStartup(CliStartup.cs:41): Loading configuration from 'C:\Users\theyu\repos\linguard-dotnet\Linguard\Cli\bin\Debug\net6.0\linguard.yaml'...
2022-02-06 12:07:18.6334 [WARN] CliStartup(CliStartup.cs:47): No configuration file found. Using defaults.
2022-02-06 12:14:09.4427 [INFO] CliStartup(CliStartup.cs:41): Loading configuration from 'C:\Users\theyu\repos\linguard-dotnet\Linguard\Cli\bin\Debug\net6.0\linguard.yaml'...
2022-02-06 12:14:09.7271 [WARN] CliStartup(CliStartup.cs:47): No configuration file found. Using defaults.
2022-02-06 12:17:39.6079 [INFO] CliStartup(CliStartup.cs:41): Loading configuration from 'C:\Users\theyu\repos\linguard-dotnet\Linguard\Cli\bin\Debug\net6.0\linguard.yaml'...
2022-02-06 12:17:39.9013 [WARN] CliStartup(CliStartup.cs:47): No configuration file found. Using defaults.
2022-02-06 12:33:47.9941 [INFO] ConfigurationSetupMiddleware(ConfigurationSetupMiddleware.cs:24): Loading configuration from 'C:\Users\theyu\repos\linguard-dotnet\Linguard\Cli\bin\Debug\net6.0\linguard.yaml'...
2022-02-06 12:33:53.7264 [WARN] ConfigurationSetupMiddleware(ConfigurationSetupMiddleware.cs:30): No configuration file found. Using defaults.
2022-02-06 12:35:19.4477 [INFO] ConfigurationSetupMiddleware(ConfigurationSetupMiddleware.cs:24): Loading configuration from 'C:\Users\theyu\repos\linguard-dotnet\Linguard\Cli\bin\Debug\net6.0\linguard.yaml'...
2022-02-06 12:35:19.7691 [WARN] ConfigurationSetupMiddleware(ConfigurationSetupMiddleware.cs:30): No configuration file found. Using defaults.
2022-02-06 12:36:58.1370 [INFO] ConfigurationSetupMiddleware(ConfigurationSetupMiddleware.cs:24): Loading configuration from 'C:\Users\theyu\repos\linguard-dotnet\Linguard\Cli\bin\Debug\net6.0\linguard.yaml'...
2022-02-06 12:36:58.4897 [WARN] ConfigurationSetupMiddleware(ConfigurationSetupMiddleware.cs:30): No configuration file found. Using defaults.
2022-02-06 12:38:32.2333 [INFO] ConfigurationSetupMiddleware(ConfigurationSetupMiddleware.cs:24): Loading configuration from 'C:\Users\theyu\repos\linguard-dotnet\Linguard\Cli\bin\Debug\net6.0\linguard.yaml'...
2022-02-06 12:38:32.5682 [WARN] ConfigurationSetupMiddleware(ConfigurationSetupMiddleware.cs:30): No configuration file found. Using defaults.
2022-02-06 12:42:56.1706 [INFO] <HandleAsync>d__5(ConfigurationSetupMiddleware.cs:24): Loading configuration from 'C:\Users\theyu\repos\linguard-dotnet\Linguard\Cli\bin\Debug\net6.0\linguard.yaml'...
2022-02-06 12:42:56.5299 [WARN] <HandleAsync>d__5(ConfigurationSetupMiddleware.cs:30): No configuration file found. Using defaults.
2022-02-06 12:42:57.1188 [INFO] AddInterface(AddInterface.cs:72): Added interface 'Kelley.Davis'.
2022-02-06 12:59:41.0848 [INFO] <HandleAsync>d__5(ConfigurationSetupMiddleware.cs:24): Loading configuration from 'C:\Users\theyu\repos\linguard-dotnet\Linguard\Cli\bin\Debug\net6.0\linguard.yaml'...
2022-02-06 12:59:41.4412 [WARN] <HandleAsync>d__5(ConfigurationSetupMiddleware.cs:30): No configuration file found. Using defaults.
2022-02-07 20:45:55.0462 [INFO] <HandleAsync>d__4(ConfigurationSetupMiddleware.cs:22): Loading configuration...
2022-02-07 20:47:22.3540 [INFO] <HandleAsync>d__4(ConfigurationSetupMiddleware.cs:22): Loading configuration...
2022-02-07 20:48:03.5747 [WARN] <HandleAsync>d__4(ConfigurationSetupMiddleware.cs:24): Unable to load configuration. Using defaults.
2022-02-07 20:49:03.7825 [INFO] <HandleAsync>d__4(ConfigurationSetupMiddleware.cs:22): Loading configuration...
2022-02-07 20:49:04.0677 [WARN] <HandleAsync>d__4(ConfigurationSetupMiddleware.cs:24): Unable to load configuration. Using defaults.
2022-02-07 20:54:54.4416 [INFO] <HandleAsync>d__4(ConfigurationSetupMiddleware.cs:22): Loading configuration...
2022-02-07 20:54:54.7016 [WARN] <HandleAsync>d__4(ConfigurationSetupMiddleware.cs:24): Unable to load configuration. Using defaults.
2022-02-07 20:59:27.7731 [INFO] <HandleAsync>d__4(ConfigurationSetupMiddleware.cs:22): Loading configuration...
2022-02-07 20:59:28.0455 [WARN] <HandleAsync>d__4(ConfigurationSetupMiddleware.cs:24): Unable to load configuration. Using defaults.
2022-02-07 21:06:02.4092 [INFO] <HandleAsync>d__4(ConfigurationSetupMiddleware.cs:22): Loading configuration...
2022-02-07 21:06:02.6578 [WARN] <HandleAsync>d__4(ConfigurationSetupMiddleware.cs:24): Unable to load configuration. Using defaults.
2022-02-07 21:06:32.5130 [INFO] <HandleAsync>d__4(ConfigurationSetupMiddleware.cs:22): Loading configuration...
2022-02-07 21:06:32.7422 [WARN] <HandleAsync>d__4(ConfigurationSetupMiddleware.cs:24): Unable to load configuration. Using defaults.
2022-02-07 21:10:41.7825 [INFO] <HandleAsync>d__4(ConfigurationSetupMiddleware.cs:22): Loading configuration...
2022-02-07 21:10:42.0061 [WARN] <HandleAsync>d__4(ConfigurationSetupMiddleware.cs:24): Unable to load configuration. Using defaults.
2022-02-07 21:12:43.0068 [INFO] <HandleAsync>d__4(ConfigurationSetupMiddleware.cs:22): Loading configuration...
2022-02-07 21:12:43.2342 [WARN] <HandleAsync>d__4(ConfigurationSetupMiddleware.cs:24): Unable to load configuration. Using defaults.
2022-02-07 21:14:24.3137 [INFO] <HandleAsync>d__4(ConfigurationSetupMiddleware.cs:22): Loading configuration...
2022-02-07 21:14:24.5478 [WARN] <HandleAsync>d__4(ConfigurationSetupMiddleware.cs:24): Unable to load configuration. Using defaults.
2022-02-07 21:27:35.0334 [INFO] <HandleAsync>d__4(ConfigurationSetupMiddleware.cs:22): Loading configuration...
2022-02-07 21:27:35.3099 [WARN] <HandleAsync>d__4(ConfigurationSetupMiddleware.cs:24): Unable to load configuration. Using defaults.
2022-02-07 21:32:18.9229 [INFO] <HandleAsync>d__4(ConfigurationSetupMiddleware.cs:22): Loading configuration...
2022-02-07 21:32:19.2057 [WARN] <HandleAsync>d__4(ConfigurationSetupMiddleware.cs:24): Unable to load configuration. Using defaults.
2022-02-09 15:43:03.5802 [INFO] <HandleAsync>d__4(ConfigurationSetupMiddleware.cs:22): Loading configuration...
2022-02-09 15:43:03.9520 [WARN] <HandleAsync>d__4(ConfigurationSetupMiddleware.cs:24): Unable to load configuration. Using defaults.
2022-02-09 16:00:32.0500 [INFO] <HandleAsync>d__4(ConfigurationSetupMiddleware.cs:22): Loading configuration...
2022-02-09 16:00:32.2051 [WARN] <HandleAsync>d__4(ConfigurationSetupMiddleware.cs:24): Unable to load configuration. Using defaults.
2022-02-09 16:00:35.3847 [INFO] AddInterfaceCommand(AddInterfaceCommand.cs:77): Added interface 'wg0'.
2022-02-09 16:03:26.4849 [INFO] <HandleAsync>d__4(ConfigurationSetupMiddleware.cs:22): Loading configuration...
2022-02-09 16:03:26.8709 [WARN] <HandleAsync>d__4(ConfigurationSetupMiddleware.cs:24): Unable to load configuration. Using defaults.
2022-02-09 16:04:08.4566 [INFO] <HandleAsync>d__4(ConfigurationSetupMiddleware.cs:22): Loading configuration...
2022-02-09 16:04:08.7332 [WARN] <HandleAsync>d__4(ConfigurationSetupMiddleware.cs:24): Unable to load configuration. Using defaults.
2022-02-09 16:05:37.0187 [INFO] AddInterfaceCommand(AddInterfaceCommand.cs:77): Added interface 'wg0'.
2022-02-09 16:06:44.1584 [INFO] <HandleAsync>d__4(ConfigurationSetupMiddleware.cs:22): Loading configuration...
2022-02-09 16:06:44.4178 [WARN] <HandleAsync>d__4(ConfigurationSetupMiddleware.cs:24): Unable to load configuration. Using defaults.
2022-02-09 16:07:23.1012 [INFO] <HandleAsync>d__4(ConfigurationSetupMiddleware.cs:22): Loading configuration...
2022-02-09 16:07:23.9905 [INFO] <HandleAsync>d__4(ConfigurationSetupMiddleware.cs:25): Configuration loaded.
2022-02-09 16:09:38.7805 [INFO] <HandleAsync>d__4(ConfigurationSetupMiddleware.cs:22): Loading configuration...
2022-02-09 16:10:12.6996 [INFO] <HandleAsync>d__4(ConfigurationSetupMiddleware.cs:25): Configuration loaded.
2022-02-09 16:13:06.6158 [INFO] <HandleAsync>d__4(ConfigurationSetupMiddleware.cs:22): Loading configuration...
2022-02-09 16:13:07.7222 [INFO] <HandleAsync>d__4(ConfigurationSetupMiddleware.cs:25): Configuration loaded.
2022-02-09 16:14:48.3850 [INFO] <HandleAsync>d__4(ConfigurationSetupMiddleware.cs:22): Loading configuration...
2022-02-09 16:14:49.5654 [INFO] <HandleAsync>d__4(ConfigurationSetupMiddleware.cs:25): Configuration loaded.
2022-02-09 16:16:35.6003 [INFO] <HandleAsync>d__4(ConfigurationSetupMiddleware.cs:22): Loading configuration...
2022-02-09 16:16:36.7637 [INFO] <HandleAsync>d__4(ConfigurationSetupMiddleware.cs:25): Configuration loaded.
2022-02-09 16:17:26.2312 [INFO] <HandleAsync>d__4(ConfigurationSetupMiddleware.cs:22): Loading configuration...
2022-02-09 16:18:55.8357 [INFO] <HandleAsync>d__4(ConfigurationSetupMiddleware.cs:25): Configuration loaded.
2022-02-09 16:19:55.2805 [INFO] <HandleAsync>d__4(ConfigurationSetupMiddleware.cs:22): Loading configuration...
2022-02-09 16:19:56.5076 [INFO] <HandleAsync>d__4(ConfigurationSetupMiddleware.cs:25): Configuration loaded.
2022-02-09 16:21:16.9102 [INFO] <HandleAsync>d__4(ConfigurationSetupMiddleware.cs:22): Loading configuration...
2022-02-09 16:21:18.2166 [INFO] <HandleAsync>d__4(ConfigurationSetupMiddleware.cs:25): Configuration loaded.
2022-02-09 16:24:54.9312 [INFO] <HandleAsync>d__4(ConfigurationSetupMiddleware.cs:22): Loading configuration...
2022-02-09 16:24:56.1015 [INFO] <HandleAsync>d__4(ConfigurationSetupMiddleware.cs:25): Configuration loaded.
2022-02-09 16:28:31.6920 [INFO] <HandleAsync>d__4(ConfigurationSetupMiddleware.cs:22): Loading configuration...
2022-02-09 16:28:32.8631 [INFO] <HandleAsync>d__4(ConfigurationSetupMiddleware.cs:25): Configuration loaded.
2022-02-09 16:29:27.7931 [INFO] <HandleAsync>d__4(ConfigurationSetupMiddleware.cs:22): Loading configuration...
2022-02-09 16:29:28.9697 [INFO] <HandleAsync>d__4(ConfigurationSetupMiddleware.cs:25): Configuration loaded.
2022-02-09 16:42:02.1747 [INFO] <HandleAsync>d__4(ConfigurationSetupMiddleware.cs:22): Loading configuration...
2022-02-09 16:42:03.4889 [INFO] <HandleAsync>d__4(ConfigurationSetupMiddleware.cs:25): Configuration loaded.
2022-02-09 16:53:18.2199 [INFO] <HandleAsync>d__4(ConfigurationSetupMiddleware.cs:22): Loading configuration...
2022-02-09 16:53:19.4836 [INFO] <HandleAsync>d__4(ConfigurationSetupMiddleware.cs:25): Configuration loaded.
2022-02-09 16:53:35.7414 [INFO] <HandleAsync>d__4(ConfigurationSetupMiddleware.cs:22): Loading configuration...
2022-02-09 16:53:36.9863 [INFO] <HandleAsync>d__4(ConfigurationSetupMiddleware.cs:25): Configuration loaded.
2022-02-09 17:57:43.6916 [INFO] <HandleAsync>d__4(ConfigurationSetupMiddleware.cs:22): Loading configuration...
2022-02-09 17:57:44.4380 [INFO] <HandleAsync>d__4(ConfigurationSetupMiddleware.cs:25): Configuration loaded.
